This file contains any messages produced by compilers while
running configure, to aid debugging if configure makes a mistake.

It was created by fdk-aac configure 0.1.5, which was
generated by GNU Autoconf 2.69.  Invocation command line was

  $ /Users/huaweichang/Downloads/FFmpeg-ios-master/FFmpeg-iOS-build-script-master/fdk-aac-build-script-for-iOS/fdk-aac-0.1.5/configure --enable-static --with-pic=yes --disable-shared --host=x86_64-apple-darwin CC=xcrun -sdk iphonesimulator clang -Wno-error=unused-command-line-argument-hard-error-in-future CXX=xcrun -sdk iphonesimulator clang -Wno-error=unused-command-line-argument-hard-error-in-future CPP=xcrun -sdk iphonesimulator clang -Wno-error=unused-command-line-argument-hard-error-in-future -E AS=/Users/huaweichang/Downloads/FFmpeg-ios-master/FFmpeg-iOS-build-script-master/fdk-aac-build-script-for-iOS/fdk-aac-0.1.5/extras/gas-preprocessor.pl xcrun -sdk iphonesimulator clang -Wno-error=unused-command-line-argument-hard-error-in-future CFLAGS=-arch x86_64 -mios-simulator-version-min=7.0 LDFLAGS=-arch x86_64 -mios-simulator-version-min=7.0 CPPFLAGS=-arch x86_64 -mios-simulator-version-min=7.0 --prefix=/Users/huaweichang/Downloads/FFmpeg-ios-master/FFmpeg-iOS-build-script-master/fdk-aac-build-script-for-iOS/thin/x86_64

## --------- ##
## Platform. ##
## --------- ##

hostname = localhost
uname -m = x86_64
uname -r = 17.7.0
uname -s = Darwin
uname -v = Darwin Kernel Version 17.7.0: Thu Jun 21 22:59:54 PDT 2018; root:xnu-4570.71.2~2/RELEASE_X86_64

/usr/bin/uname -p = i386
/bin/uname -X     = unknown

/bin/arch              = unknown
/usr/bin/arch -k       = unknown
/usr/convex/getsysinfo = unknown
/usr/bin/hostinfo      = Mach kernel version:
	 Darwin Kernel Version 17.7.0: Thu Jun 21 22:59:54 PDT 2018; root:xnu-4570.71.2~2/RELEASE_X86_64
Kernel configured for up to 12 processors.
6 processors are physically available.
12 processors are logically available.
Processor type: x86_64h (Intel x86-64h Haswell)
Processors active: 0 1 2 3 4 5 6 7 8 9 10 11
Primary memory available: 16.00 gigabytes
Default processor set: 418 tasks, 1653 threads, 12 processors
Load average: 2.84, Mach factor: 9.15
/bin/machine           = unknown
/usr/bin/oslevel       = unknown
/bin/universe          = unknown

PATH: /usr/local/bin/ffmpeg/bin
PATH: /Users/huaweichang/anaconda/bin
PATH: /usr/local/phantomjs/bin
PATH: /usr/local/bin
PATH: /usr/bin
PATH: /usr/sbin
PATH: /bin
PATH: /sbin
PATH: /Users/huaweichang/Downloads/depot_tools
PATH: /Users/huaweichang/Library/Android/sdk/tools
PATH: /Users/huaweichang/Library/Android/sdk/platform-tools
PATH: /Library/Frameworks/Python.framework/Versions/2.7/bin
PATH: /Applications/CMake.app/Contents/bin
PATH: /usr/local/bin
PATH: /usr/bin
PATH: /bin
PATH: /usr/sbin
PATH: /sbin
PATH: /Applications/VMware Fusion.app/Contents/Public
PATH: /Applications/Wireshark.app/Contents/MacOS
PATH: /Users/huaweichang/Library/Android/android-ndk-r16-beta1
PATH: /Applications/android-ndk-r16-beta1/
PATH: /Applications/android-ndk-r13/toolchains/arm-linux-androideabi-4.9/prebuilt/darwin-x86_64/bin/
PATH: /Users/huaweichang/Downloads/gradle/gradle-3.3/bin
PATH: /usr/local/sbin
PATH: /Users/loneswordman/Downloads/apache-maven-3.2.5/bin


## ----------- ##
## Core tests. ##
## ----------- ##

configure:2309: checking for a BSD-compatible install
configure:2377: result: /usr/bin/install -c
configure:2388: checking whether build environment is sane
configure:2443: result: yes
configure:2502: checking for x86_64-apple-darwin-strip
configure:2532: result: no
configure:2542: checking for strip
configure:2558: found /usr/bin/strip
configure:2569: result: strip
configure:2594: checking for a thread-safe mkdir -p
configure:2633: result: /Users/huaweichang/Downloads/FFmpeg-ios-master/FFmpeg-iOS-build-script-master/fdk-aac-build-script-for-iOS/fdk-aac-0.1.5/./install-sh -c -d
configure:2640: checking for gawk
configure:2670: result: no
configure:2640: checking for mawk
configure:2670: result: no
configure:2640: checking for nawk
configure:2670: result: no
configure:2640: checking for awk
configure:2656: found /usr/bin/awk
configure:2667: result: awk
configure:2678: checking whether make sets $(MAKE)
configure:2700: result: yes
configure:2729: checking whether make supports nested variables
configure:2746: result: yes
configure:2835: checking whether UID '501' is supported by ustar format
configure:2838: result: yes
configure:2845: checking whether GID '20' is supported by ustar format
configure:2848: result: yes
configure:2856: checking how to create a ustar tar archive
configure:2867: tar --version
bsdtar 2.8.3 - libarchive 2.8.3
configure:2870: $? = 0
configure:2910: tardir=conftest.dir && eval tar --format=ustar -chf - "$tardir" >conftest.tar
configure:2913: $? = 0
configure:2917: tar -xf - <conftest.tar
configure:2920: $? = 0
configure:2922: cat conftest.dir/file
GrepMe
configure:2925: $? = 0
configure:2938: result: gnutar
configure:2998: checking whether make supports nested variables
configure:3015: result: yes
configure:3052: checking for x86_64-apple-darwin-gcc
configure:3079: result: xcrun -sdk iphonesimulator clang -Wno-error=unused-command-line-argument-hard-error-in-future
configure:3348: checking for C compiler version
configure:3357: xcrun -sdk iphonesimulator clang -Wno-error=unused-command-line-argument-hard-error-in-future --version >&5
Apple LLVM version 10.0.0 (clang-1000.11.45.5)
Target: x86_64-apple-darwin17.7.0
Thread model: posix
InstalledDir: /Applications/Xcode.app/Contents/Developer/Toolchains/XcodeDefault.xctoolchain/usr/bin
configure:3368: $? = 0
configure:3357: xcrun -sdk iphonesimulator clang -Wno-error=unused-command-line-argument-hard-error-in-future -v >&5
Apple LLVM version 10.0.0 (clang-1000.11.45.5)
Target: x86_64-apple-darwin17.7.0
Thread model: posix
InstalledDir: /Applications/Xcode.app/Contents/Developer/Toolchains/XcodeDefault.xctoolchain/usr/bin
clang: warning: argument unused during compilation: '-Wno-error=unused-command-line-argument-hard-error-in-future' [-Wunused-command-line-argument]
configure:3368: $? = 0
configure:3357: xcrun -sdk iphonesimulator clang -Wno-error=unused-command-line-argument-hard-error-in-future -V >&5
clang: error: argument to '-V' is missing (expected 1 value)
clang: error: no input files
configure:3368: $? = 1
configure:3357: xcrun -sdk iphonesimulator clang -Wno-error=unused-command-line-argument-hard-error-in-future -qversion >&5
clang: error: unknown argument: '-qversion'
clang: error: no input files
configure:3368: $? = 1
configure:3388: checking whether the C compiler works
configure:3410: xcrun -sdk iphonesimulator clang -Wno-error=unused-command-line-argument-hard-error-in-future -arch x86_64 -mios-simulator-version-min=7.0 -arch x86_64 -mios-simulator-version-min=7.0 -arch x86_64 -mios-simulator-version-min=7.0 conftest.c  >&5
warning: unknown warning option '-Werror=unused-command-line-argument-hard-error-in-future'; did you mean '-Werror=unused-command-line-argument'? [-Wunknown-warning-option]
1 warning generated.
configure:3414: $? = 0
configure:3462: result: yes
configure:3465: checking for C compiler default output file name
configure:3467: result: a.out
configure:3473: checking for suffix of executables
configure:3480: xcrun -sdk iphonesimulator clang -Wno-error=unused-command-line-argument-hard-error-in-future -o conftest -arch x86_64 -mios-simulator-version-min=7.0 -arch x86_64 -mios-simulator-version-min=7.0 -arch x86_64 -mios-simulator-version-min=7.0 conftest.c  >&5
warning: unknown warning option '-Werror=unused-command-line-argument-hard-error-in-future'; did you mean '-Werror=unused-command-line-argument'? [-Wunknown-warning-option]
1 warning generated.
configure:3484: $? = 0
configure:3506: result: 
configure:3528: checking whether we are cross compiling
configure:3536: xcrun -sdk iphonesimulator clang -Wno-error=unused-command-line-argument-hard-error-in-future -o conftest -arch x86_64 -mios-simulator-version-min=7.0 -arch x86_64 -mios-simulator-version-min=7.0 -arch x86_64 -mios-simulator-version-min=7.0 conftest.c  >&5
warning: unknown warning option '-Werror=unused-command-line-argument-hard-error-in-future'; did you mean '-Werror=unused-command-line-argument'? [-Wunknown-warning-option]
1 warning generated.
configure:3540: $? = 0
configure:3547: ./conftest
dyld: mach-o, but built for simulator (not macOS)
/Users/huaweichang/Downloads/FFmpeg-ios-master/FFmpeg-iOS-build-script-master/fdk-aac-build-script-for-iOS/fdk-aac-0.1.5/configure: line 3549:  3675 Abort trap: 6           ./conftest$ac_cv_exeext
configure:3551: $? = 134
configure:3566: result: yes
configure:3571: checking for suffix of object files
configure:3593: xcrun -sdk iphonesimulator clang -Wno-error=unused-command-line-argument-hard-error-in-future -c -arch x86_64 -mios-simulator-version-min=7.0 -arch x86_64 -mios-simulator-version-min=7.0 conftest.c >&5
warning: unknown warning option '-Werror=unused-command-line-argument-hard-error-in-future'; did you mean '-Werror=unused-command-line-argument'? [-Wunknown-warning-option]
1 warning generated.
configure:3597: $? = 0
configure:3618: result: o
configure:3622: checking whether we are using the GNU C compiler
configure:3641: xcrun -sdk iphonesimulator clang -Wno-error=unused-command-line-argument-hard-error-in-future -c -arch x86_64 -mios-simulator-version-min=7.0 -arch x86_64 -mios-simulator-version-min=7.0 conftest.c >&5
warning: unknown warning option '-Werror=unused-command-line-argument-hard-error-in-future'; did you mean '-Werror=unused-command-line-argument'? [-Wunknown-warning-option]
1 warning generated.
configure:3641: $? = 0
configure:3650: result: yes
configure:3659: checking whether xcrun -sdk iphonesimulator clang -Wno-error=unused-command-line-argument-hard-error-in-future accepts -g
configure:3679: xcrun -sdk iphonesimulator clang -Wno-error=unused-command-line-argument-hard-error-in-future -c -g -arch x86_64 -mios-simulator-version-min=7.0 conftest.c >&5
warning: unknown warning option '-Werror=unused-command-line-argument-hard-error-in-future'; did you mean '-Werror=unused-command-line-argument'? [-Wunknown-warning-option]
1 warning generated.
configure:3679: $? = 0
configure: failed program was:
| /* confdefs.h */
| #define PACKAGE_NAME "fdk-aac"
| #define PACKAGE_TARNAME "fdk-aac"
| #define PACKAGE_VERSION "0.1.5"
| #define PACKAGE_STRING "fdk-aac 0.1.5"
| #define PACKAGE_BUGREPORT "http://sourceforge.net/projects/opencore-amr/"
| #define PACKAGE_URL ""
| #define PACKAGE "fdk-aac"
| #define VERSION "0.1.5"
| /* end confdefs.h.  */
| 
| int
| main ()
| {
| 
|   ;
|   return 0;
| }
configure:3694: xcrun -sdk iphonesimulator clang -Wno-error=unused-command-line-argument-hard-error-in-future -c  -arch x86_64 -mios-simulator-version-min=7.0 conftest.c >&5
warning: unknown warning option '-Werror=unused-command-line-argument-hard-error-in-future'; did you mean '-Werror=unused-command-line-argument'? [-Wunknown-warning-option]
1 warning generated.
configure:3694: $? = 0
configure: failed program was:
| /* confdefs.h */
| #define PACKAGE_NAME "fdk-aac"
| #define PACKAGE_TARNAME "fdk-aac"
| #define PACKAGE_VERSION "0.1.5"
| #define PACKAGE_STRING "fdk-aac 0.1.5"
| #define PACKAGE_BUGREPORT "http://sourceforge.net/projects/opencore-amr/"
| #define PACKAGE_URL ""
| #define PACKAGE "fdk-aac"
| #define VERSION "0.1.5"
| /* end confdefs.h.  */
| 
| int
| main ()
| {
| 
|   ;
|   return 0;
| }
configure:3710: xcrun -sdk iphonesimulator clang -Wno-error=unused-command-line-argument-hard-error-in-future -c -g -arch x86_64 -mios-simulator-version-min=7.0 conftest.c >&5
warning: unknown warning option '-Werror=unused-command-line-argument-hard-error-in-future'; did you mean '-Werror=unused-command-line-argument'? [-Wunknown-warning-option]
1 warning generated.
configure:3710: $? = 0
configure:3720: result: yes
configure:3737: checking for xcrun -sdk iphonesimulator clang -Wno-error=unused-command-line-argument-hard-error-in-future option to accept ISO C89
configure:3800: xcrun -sdk iphonesimulator clang -Wno-error=unused-command-line-argument-hard-error-in-future  -c -arch x86_64 -mios-simulator-version-min=7.0 -arch x86_64 -mios-simulator-version-min=7.0 conftest.c >&5
warning: unknown warning option '-Werror=unused-command-line-argument-hard-error-in-future'; did you mean '-Werror=unused-command-line-argument'? [-Wunknown-warning-option]
1 warning generated.
configure:3800: $? = 0
configure:3813: result: none needed
configure:3838: checking whether xcrun -sdk iphonesimulator clang -Wno-error=unused-command-line-argument-hard-error-in-future understands -c and -o together
configure:3860: xcrun -sdk iphonesimulator clang -Wno-error=unused-command-line-argument-hard-error-in-future -c conftest.c -o conftest2.o
warning: unknown warning option '-Werror=unused-command-line-argument-hard-error-in-future'; did you mean '-Werror=unused-command-line-argument'? [-Wunknown-warning-option]
1 warning generated.
configure:3863: $? = 0
configure:3860: xcrun -sdk iphonesimulator clang -Wno-error=unused-command-line-argument-hard-error-in-future -c conftest.c -o conftest2.o
warning: unknown warning option '-Werror=unused-command-line-argument-hard-error-in-future'; did you mean '-Werror=unused-command-line-argument'? [-Wunknown-warning-option]
1 warning generated.
configure:3863: $? = 0
configure:3875: result: yes
configure:3903: checking for style of include used by make
configure:3931: result: GNU
configure:3957: checking dependency style of xcrun -sdk iphonesimulator clang -Wno-error=unused-command-line-argument-hard-error-in-future
configure:4068: result: gcc3
configure:4195: checking for C++ compiler version
configure:4204: xcrun -sdk iphonesimulator clang -Wno-error=unused-command-line-argument-hard-error-in-future --version >&5
Apple LLVM version 10.0.0 (clang-1000.11.45.5)
Target: x86_64-apple-darwin17.7.0
Thread model: posix
InstalledDir: /Applications/Xcode.app/Contents/Developer/Toolchains/XcodeDefault.xctoolchain/usr/bin
configure:4215: $? = 0
configure:4204: xcrun -sdk iphonesimulator clang -Wno-error=unused-command-line-argument-hard-error-in-future -v >&5
Apple LLVM version 10.0.0 (clang-1000.11.45.5)
Target: x86_64-apple-darwin17.7.0
Thread model: posix
InstalledDir: /Applications/Xcode.app/Contents/Developer/Toolchains/XcodeDefault.xctoolchain/usr/bin
clang: warning: argument unused during compilation: '-Wno-error=unused-command-line-argument-hard-error-in-future' [-Wunused-command-line-argument]
configure:4215: $? = 0
configure:4204: xcrun -sdk iphonesimulator clang -Wno-error=unused-command-line-argument-hard-error-in-future -V >&5
clang: error: argument to '-V' is missing (expected 1 value)
clang: error: no input files
configure:4215: $? = 1
configure:4204: xcrun -sdk iphonesimulator clang -Wno-error=unused-command-line-argument-hard-error-in-future -qversion >&5
clang: error: unknown argument: '-qversion'
clang: error: no input files
configure:4215: $? = 1
configure:4219: checking whether we are using the GNU C++ compiler
configure:4238: xcrun -sdk iphonesimulator clang -Wno-error=unused-command-line-argument-hard-error-in-future -c  -arch x86_64 -mios-simulator-version-min=7.0 conftest.cpp >&5
warning: unknown warning option '-Werror=unused-command-line-argument-hard-error-in-future'; did you mean '-Werror=unused-command-line-argument'? [-Wunknown-warning-option]
1 warning generated.
configure:4238: $? = 0
configure:4247: result: yes
configure:4256: checking whether xcrun -sdk iphonesimulator clang -Wno-error=unused-command-line-argument-hard-error-in-future accepts -g
configure:4276: xcrun -sdk iphonesimulator clang -Wno-error=unused-command-line-argument-hard-error-in-future -c -g -arch x86_64 -mios-simulator-version-min=7.0 conftest.cpp >&5
warning: unknown warning option '-Werror=unused-command-line-argument-hard-error-in-future'; did you mean '-Werror=unused-command-line-argument'? [-Wunknown-warning-option]
1 warning generated.
configure:4276: $? = 0
configure: failed program was:
| /* confdefs.h */
| #define PACKAGE_NAME "fdk-aac"
| #define PACKAGE_TARNAME "fdk-aac"
| #define PACKAGE_VERSION "0.1.5"
| #define PACKAGE_STRING "fdk-aac 0.1.5"
| #define PACKAGE_BUGREPORT "http://sourceforge.net/projects/opencore-amr/"
| #define PACKAGE_URL ""
| #define PACKAGE "fdk-aac"
| #define VERSION "0.1.5"
| /* end confdefs.h.  */
| 
| int
| main ()
| {
| 
|   ;
|   return 0;
| }
configure:4291: xcrun -sdk iphonesimulator clang -Wno-error=unused-command-line-argument-hard-error-in-future -c  -arch x86_64 -mios-simulator-version-min=7.0 conftest.cpp >&5
warning: unknown warning option '-Werror=unused-command-line-argument-hard-error-in-future'; did you mean '-Werror=unused-command-line-argument'? [-Wunknown-warning-option]
1 warning generated.
configure:4291: $? = 0
configure: failed program was:
| /* confdefs.h */
| #define PACKAGE_NAME "fdk-aac"
| #define PACKAGE_TARNAME "fdk-aac"
| #define PACKAGE_VERSION "0.1.5"
| #define PACKAGE_STRING "fdk-aac 0.1.5"
| #define PACKAGE_BUGREPORT "http://sourceforge.net/projects/opencore-amr/"
| #define PACKAGE_URL ""
| #define PACKAGE "fdk-aac"
| #define VERSION "0.1.5"
| /* end confdefs.h.  */
| 
| int
| main ()
| {
| 
|   ;
|   return 0;
| }
configure:4307: xcrun -sdk iphonesimulator clang -Wno-error=unused-command-line-argument-hard-error-in-future -c -g -arch x86_64 -mios-simulator-version-min=7.0 conftest.cpp >&5
warning: unknown warning option '-Werror=unused-command-line-argument-hard-error-in-future'; did you mean '-Werror=unused-command-line-argument'? [-Wunknown-warning-option]
1 warning generated.
configure:4307: $? = 0
configure:4317: result: yes
configure:4342: checking dependency style of xcrun -sdk iphonesimulator clang -Wno-error=unused-command-line-argument-hard-error-in-future
configure:4453: result: gcc3
configure:4497: checking build system type
configure:4511: result: x86_64-apple-darwin17.7.0
configure:4531: checking host system type
configure:4544: result: x86_64-apple-darwin
configure:4585: checking how to print strings
configure:4612: result: printf
configure:4633: checking for a sed that does not truncate output
configure:4697: result: /usr/bin/sed
configure:4715: checking for grep that handles long lines and -e
configure:4773: result: /usr/bin/grep
configure:4778: checking for egrep
configure:4840: result: /usr/bin/grep -E
configure:4845: checking for fgrep
configure:4907: result: /usr/bin/grep -F
configure:4942: checking for ld used by xcrun -sdk iphonesimulator clang -Wno-error=unused-command-line-argument-hard-error-in-future
configure:5009: result: /Applications/Xcode.app/Contents/Developer/Toolchains/XcodeDefault.xctoolchain/usr/bin/ld
configure:5016: checking if the linker (/Applications/Xcode.app/Contents/Developer/Toolchains/XcodeDefault.xctoolchain/usr/bin/ld) is GNU ld
configure:5031: result: no
configure:5043: checking for BSD- or MS-compatible name lister (nm)
configure:5097: result: no
configure:5111: checking for x86_64-apple-darwin-dumpbin
configure:5141: result: no
configure:5111: checking for x86_64-apple-darwin-link
configure:5141: result: no
configure:5155: checking for dumpbin
configure:5185: result: no
configure:5155: checking for link
configure:5171: found /bin/link
configure:5182: result: link -dump
configure:5198: WARNING: using cross tools not prefixed with host triplet
configure:5227: checking the name lister (nm) interface
configure:5234: xcrun -sdk iphonesimulator clang -Wno-error=unused-command-line-argument-hard-error-in-future -c -arch x86_64 -mios-simulator-version-min=7.0 -arch x86_64 -mios-simulator-version-min=7.0 conftest.c >&5
warning: unknown warning option '-Werror=unused-command-line-argument-hard-error-in-future'; did you mean '-Werror=unused-command-line-argument'? [-Wunknown-warning-option]
1 warning generated.
configure:5237: nm "conftest.o"
configure:5240: output
0000000000000000 S _some_variable
configure:5247: result: BSD nm
configure:5250: checking whether ln -s works
configure:5254: result: yes
configure:5262: checking the maximum length of command line arguments
configure:5393: result: 196608
configure:5441: checking how to convert x86_64-apple-darwin17.7.0 file names to x86_64-apple-darwin format
configure:5481: result: func_convert_file_noop
configure:5488: checking how to convert x86_64-apple-darwin17.7.0 file names to toolchain format
configure:5508: result: func_convert_file_noop
configure:5515: checking for /Applications/Xcode.app/Contents/Developer/Toolchains/XcodeDefault.xctoolchain/usr/bin/ld option to reload object files
configure:5522: result: -r
configure:5556: checking for x86_64-apple-darwin-objdump
configure:5586: result: no
configure:5596: checking for objdump
configure:5612: found /usr/bin/objdump
configure:5623: result: objdump
configure:5655: checking how to recognize dependent libraries
configure:5855: result: pass_all
configure:5900: checking for x86_64-apple-darwin-dlltool
configure:5930: result: no
configure:5940: checking for dlltool
configure:5970: result: no
configure:6000: checking how to associate runtime and link libraries
configure:6027: result: printf %s\n
configure:6044: checking for x86_64-apple-darwin-ar
configure:6074: result: no
configure:6088: checking for ar
configure:6104: found /usr/bin/ar
configure:6115: result: ar
configure:6152: checking for archiver @FILE support
configure:6169: xcrun -sdk iphonesimulator clang -Wno-error=unused-command-line-argument-hard-error-in-future -c -arch x86_64 -mios-simulator-version-min=7.0 -arch x86_64 -mios-simulator-version-min=7.0 conftest.c >&5
warning: unknown warning option '-Werror=unused-command-line-argument-hard-error-in-future'; did you mean '-Werror=unused-command-line-argument'? [-Wunknown-warning-option]
1 warning generated.
configure:6169: $? = 0
configure:6172: ar cru libconftest.a @conftest.lst >&5
ar: @conftest.lst: No such file or directory
configure:6175: $? = 1
configure:6195: result: no
configure:6213: checking for x86_64-apple-darwin-strip
configure:6240: result: strip
configure:6312: checking for x86_64-apple-darwin-ranlib
configure:6342: result: no
configure:6352: checking for ranlib
configure:6368: found /usr/bin/ranlib
configure:6379: result: ranlib
configure:6481: checking command to parse nm output from xcrun -sdk iphonesimulator clang -Wno-error=unused-command-line-argument-hard-error-in-future object
configure:6634: xcrun -sdk iphonesimulator clang -Wno-error=unused-command-line-argument-hard-error-in-future -c -arch x86_64 -mios-simulator-version-min=7.0 -arch x86_64 -mios-simulator-version-min=7.0 conftest.c >&5
warning: unknown warning option '-Werror=unused-command-line-argument-hard-error-in-future'; did you mean '-Werror=unused-command-line-argument'? [-Wunknown-warning-option]
1 warning generated.
configure:6637: $? = 0
configure:6641: nm conftest.o \| sed -n -e 's/^.*[ ]\([BCDEGRST][BCDEGRST]*\)[ ][ ]*\([_A-Za-z][_A-Za-z0-9]*\)$/\1 \2 \2/p' | sed '/ __gnu_lto/d' \> conftest.nm
configure:6644: $? = 0
cannot find nm_test_var in conftest.nm
configure:6634: xcrun -sdk iphonesimulator clang -Wno-error=unused-command-line-argument-hard-error-in-future -c -arch x86_64 -mios-simulator-version-min=7.0 -arch x86_64 -mios-simulator-version-min=7.0 conftest.c >&5
warning: unknown warning option '-Werror=unused-command-line-argument-hard-error-in-future'; did you mean '-Werror=unused-command-line-argument'? [-Wunknown-warning-option]
1 warning generated.
configure:6637: $? = 0
configure:6641: nm conftest.o \| sed -n -e 's/^.*[ ]\([BCDEGRST][BCDEGRST]*\)[ ][ ]*_\([_A-Za-z][_A-Za-z0-9]*\)$/\1 _\2 \2/p' | sed '/ __gnu_lto/d' \> conftest.nm
configure:6644: $? = 0
configure:6710: xcrun -sdk iphonesimulator clang -Wno-error=unused-command-line-argument-hard-error-in-future -o conftest -arch x86_64 -mios-simulator-version-min=7.0 -arch x86_64 -mios-simulator-version-min=7.0 -arch x86_64 -mios-simulator-version-min=7.0 conftest.c conftstm.o >&5
warning: unknown warning option '-Werror=unused-command-line-argument-hard-error-in-future'; did you mean '-Werror=unused-command-line-argument'? [-Wunknown-warning-option]
1 warning generated.
configure:6713: $? = 0
configure:6751: result: ok
configure:6798: checking for sysroot
configure:6828: result: no
configure:6835: checking for a working dd
configure:6873: result: /bin/dd
configure:6877: checking how to truncate binary pipes
configure:6892: result: /bin/dd bs=4096 count=1
configure:7181: checking for x86_64-apple-darwin-mt
configure:7211: result: no
configure:7221: checking for mt
configure:7251: result: no
configure:7271: checking if : is a manifest tool
configure:7277: : '-?'
configure:7285: result: no
configure:7301: checking for x86_64-apple-darwin-dsymutil
configure:7331: result: no
configure:7341: checking for dsymutil
configure:7357: found /usr/bin/dsymutil
configure:7368: result: dsymutil
configure:7393: checking for x86_64-apple-darwin-nmedit
configure:7423: result: no
configure:7433: checking for nmedit
configure:7449: found /usr/bin/nmedit
configure:7460: result: nmedit
configure:7485: checking for x86_64-apple-darwin-lipo
configure:7515: result: no
configure:7525: checking for lipo
configure:7541: found /usr/bin/lipo
configure:7552: result: lipo
configure:7577: checking for x86_64-apple-darwin-otool
configure:7607: result: no
configure:7617: checking for otool
configure:7633: found /usr/bin/otool
configure:7644: result: otool
configure:7669: checking for x86_64-apple-darwin-otool64
configure:7699: result: no
configure:7709: checking for otool64
configure:7739: result: no
configure:7784: checking for -single_module linker flag
xcrun -sdk iphonesimulator clang -Wno-error=unused-command-line-argument-hard-error-in-future -arch x86_64 -mios-simulator-version-min=7.0 -arch x86_64 -mios-simulator-version-min=7.0 -o libconftest.dylib -dynamiclib -Wl,-single_module conftest.c
configure:7817: result: yes
configure:7820: checking for -exported_symbols_list linker flag
configure:7840: xcrun -sdk iphonesimulator clang -Wno-error=unused-command-line-argument-hard-error-in-future -o conftest -arch x86_64 -mios-simulator-version-min=7.0 -arch x86_64 -mios-simulator-version-min=7.0 -arch x86_64 -mios-simulator-version-min=7.0 -Wl,-exported_symbols_list,conftest.sym conftest.c  >&5
warning: unknown warning option '-Werror=unused-command-line-argument-hard-error-in-future'; did you mean '-Werror=unused-command-line-argument'? [-Wunknown-warning-option]
1 warning generated.
configure:7840: $? = 0
configure:7850: result: yes
configure:7853: checking for -force_load linker flag
xcrun -sdk iphonesimulator clang -Wno-error=unused-command-line-argument-hard-error-in-future -arch x86_64 -mios-simulator-version-min=7.0 -c -o conftest.o conftest.c
warning: unknown warning option '-Werror=unused-command-line-argument-hard-error-in-future'; did you mean '-Werror=unused-command-line-argument'? [-Wunknown-warning-option]
1 warning generated.
ar cru libconftest.a conftest.o
ranlib libconftest.a
xcrun -sdk iphonesimulator clang -Wno-error=unused-command-line-argument-hard-error-in-future -arch x86_64 -mios-simulator-version-min=7.0 -arch x86_64 -mios-simulator-version-min=7.0 -o conftest conftest.c -Wl,-force_load,./libconftest.a
configure:7885: result: yes
configure:7962: checking how to run the C preprocessor
configure:8032: result: xcrun -sdk iphonesimulator clang -Wno-error=unused-command-line-argument-hard-error-in-future -E
configure:8052: xcrun -sdk iphonesimulator clang -Wno-error=unused-command-line-argument-hard-error-in-future -E -arch x86_64 -mios-simulator-version-min=7.0 conftest.c
warning: unknown warning option '-Werror=unused-command-line-argument-hard-error-in-future'; did you mean '-Werror=unused-command-line-argument'? [-Wunknown-warning-option]
1 warning generated.
configure:8052: $? = 0
configure:8066: xcrun -sdk iphonesimulator clang -Wno-error=unused-command-line-argument-hard-error-in-future -E -arch x86_64 -mios-simulator-version-min=7.0 conftest.c
warning: unknown warning option '-Werror=unused-command-line-argument-hard-error-in-future'; did you mean '-Werror=unused-command-line-argument'? [-Wunknown-warning-option]
conftest.c:11:10: fatal error: 'ac_nonexistent.h' file not found
#include <ac_nonexistent.h>
         ^~~~~~~~~~~~~~~~~~
1 warning and 1 error generated.
configure:8066: $? = 1
configure: failed program was:
| /* confdefs.h */
| #define PACKAGE_NAME "fdk-aac"
| #define PACKAGE_TARNAME "fdk-aac"
| #define PACKAGE_VERSION "0.1.5"
| #define PACKAGE_STRING "fdk-aac 0.1.5"
| #define PACKAGE_BUGREPORT "http://sourceforge.net/projects/opencore-amr/"
| #define PACKAGE_URL ""
| #define PACKAGE "fdk-aac"
| #define VERSION "0.1.5"
| /* end confdefs.h.  */
| #include <ac_nonexistent.h>
configure:8095: checking for ANSI C header files
configure:8115: xcrun -sdk iphonesimulator clang -Wno-error=unused-command-line-argument-hard-error-in-future -c -arch x86_64 -mios-simulator-version-min=7.0 -arch x86_64 -mios-simulator-version-min=7.0 conftest.c >&5
warning: unknown warning option '-Werror=unused-command-line-argument-hard-error-in-future'; did you mean '-Werror=unused-command-line-argument'? [-Wunknown-warning-option]
1 warning generated.
configure:8115: $? = 0
warning: unknown warning option '-Werror=unused-command-line-argument-hard-error-in-future'; did you mean '-Werror=unused-command-line-argument'? [-Wunknown-warning-option]
1 warning generated.
warning: unknown warning option '-Werror=unused-command-line-argument-hard-error-in-future'; did you mean '-Werror=unused-command-line-argument'? [-Wunknown-warning-option]
1 warning generated.
configure:8199: result: yes
configure:8212: checking for sys/types.h
configure:8212: xcrun -sdk iphonesimulator clang -Wno-error=unused-command-line-argument-hard-error-in-future -c -arch x86_64 -mios-simulator-version-min=7.0 -arch x86_64 -mios-simulator-version-min=7.0 conftest.c >&5
warning: unknown warning option '-Werror=unused-command-line-argument-hard-error-in-future'; did you mean '-Werror=unused-command-line-argument'? [-Wunknown-warning-option]
1 warning generated.
configure:8212: $? = 0
configure:8212: result: yes
configure:8212: checking for sys/stat.h
configure:8212: xcrun -sdk iphonesimulator clang -Wno-error=unused-command-line-argument-hard-error-in-future -c -arch x86_64 -mios-simulator-version-min=7.0 -arch x86_64 -mios-simulator-version-min=7.0 conftest.c >&5
warning: unknown warning option '-Werror=unused-command-line-argument-hard-error-in-future'; did you mean '-Werror=unused-command-line-argument'? [-Wunknown-warning-option]
1 warning generated.
configure:8212: $? = 0
configure:8212: result: yes
configure:8212: checking for stdlib.h
configure:8212: xcrun -sdk iphonesimulator clang -Wno-error=unused-command-line-argument-hard-error-in-future -c -arch x86_64 -mios-simulator-version-min=7.0 -arch x86_64 -mios-simulator-version-min=7.0 conftest.c >&5
warning: unknown warning option '-Werror=unused-command-line-argument-hard-error-in-future'; did you mean '-Werror=unused-command-line-argument'? [-Wunknown-warning-option]
1 warning generated.
configure:8212: $? = 0
configure:8212: result: yes
configure:8212: checking for string.h
configure:8212: xcrun -sdk iphonesimulator clang -Wno-error=unused-command-line-argument-hard-error-in-future -c -arch x86_64 -mios-simulator-version-min=7.0 -arch x86_64 -mios-simulator-version-min=7.0 conftest.c >&5
warning: unknown warning option '-Werror=unused-command-line-argument-hard-error-in-future'; did you mean '-Werror=unused-command-line-argument'? [-Wunknown-warning-option]
1 warning generated.
configure:8212: $? = 0
configure:8212: result: yes
configure:8212: checking for memory.h
configure:8212: xcrun -sdk iphonesimulator clang -Wno-error=unused-command-line-argument-hard-error-in-future -c -arch x86_64 -mios-simulator-version-min=7.0 -arch x86_64 -mios-simulator-version-min=7.0 conftest.c >&5
warning: unknown warning option '-Werror=unused-command-line-argument-hard-error-in-future'; did you mean '-Werror=unused-command-line-argument'? [-Wunknown-warning-option]
1 warning generated.
configure:8212: $? = 0
configure:8212: result: yes
configure:8212: checking for strings.h
configure:8212: xcrun -sdk iphonesimulator clang -Wno-error=unused-command-line-argument-hard-error-in-future -c -arch x86_64 -mios-simulator-version-min=7.0 -arch x86_64 -mios-simulator-version-min=7.0 conftest.c >&5
warning: unknown warning option '-Werror=unused-command-line-argument-hard-error-in-future'; did you mean '-Werror=unused-command-line-argument'? [-Wunknown-warning-option]
1 warning generated.
configure:8212: $? = 0
configure:8212: result: yes
configure:8212: checking for inttypes.h
configure:8212: xcrun -sdk iphonesimulator clang -Wno-error=unused-command-line-argument-hard-error-in-future -c -arch x86_64 -mios-simulator-version-min=7.0 -arch x86_64 -mios-simulator-version-min=7.0 conftest.c >&5
warning: unknown warning option '-Werror=unused-command-line-argument-hard-error-in-future'; did you mean '-Werror=unused-command-line-argument'? [-Wunknown-warning-option]
1 warning generated.
configure:8212: $? = 0
configure:8212: result: yes
configure:8212: checking for stdint.h
configure:8212: xcrun -sdk iphonesimulator clang -Wno-error=unused-command-line-argument-hard-error-in-future -c -arch x86_64 -mios-simulator-version-min=7.0 -arch x86_64 -mios-simulator-version-min=7.0 conftest.c >&5
warning: unknown warning option '-Werror=unused-command-line-argument-hard-error-in-future'; did you mean '-Werror=unused-command-line-argument'? [-Wunknown-warning-option]
1 warning generated.
configure:8212: $? = 0
configure:8212: result: yes
configure:8212: checking for unistd.h
configure:8212: xcrun -sdk iphonesimulator clang -Wno-error=unused-command-line-argument-hard-error-in-future -c -arch x86_64 -mios-simulator-version-min=7.0 -arch x86_64 -mios-simulator-version-min=7.0 conftest.c >&5
warning: unknown warning option '-Werror=unused-command-line-argument-hard-error-in-future'; did you mean '-Werror=unused-command-line-argument'? [-Wunknown-warning-option]
1 warning generated.
configure:8212: $? = 0
configure:8212: result: yes
configure:8226: checking for dlfcn.h
configure:8226: xcrun -sdk iphonesimulator clang -Wno-error=unused-command-line-argument-hard-error-in-future -c -arch x86_64 -mios-simulator-version-min=7.0 -arch x86_64 -mios-simulator-version-min=7.0 conftest.c >&5
warning: unknown warning option '-Werror=unused-command-line-argument-hard-error-in-future'; did you mean '-Werror=unused-command-line-argument'? [-Wunknown-warning-option]
1 warning generated.
configure:8226: $? = 0
configure:8226: result: yes
configure:8493: checking for objdir
configure:8508: result: .libs
configure:8772: checking if xcrun -sdk iphonesimulator clang -Wno-error=unused-command-line-argument-hard-error-in-future supports -fno-rtti -fno-exceptions
configure:8790: xcrun -sdk iphonesimulator clang -Wno-error=unused-command-line-argument-hard-error-in-future -c -arch x86_64 -mios-simulator-version-min=7.0 -arch x86_64 -mios-simulator-version-min=7.0 -fno-rtti -fno-exceptions conftest.c >&5
warning: unknown warning option '-Werror=unused-command-line-argument-hard-error-in-future'; did you mean '-Werror=unused-command-line-argument'? [-Wunknown-warning-option]
1 warning generated.
configure:8794: $? = 0
configure:8807: result: yes
configure:9165: checking for xcrun -sdk iphonesimulator clang -Wno-error=unused-command-line-argument-hard-error-in-future option to produce PIC
configure:9172: result: -fno-common -DPIC
configure:9180: checking if xcrun -sdk iphonesimulator clang -Wno-error=unused-command-line-argument-hard-error-in-future PIC flag -fno-common -DPIC works
configure:9198: xcrun -sdk iphonesimulator clang -Wno-error=unused-command-line-argument-hard-error-in-future -c -arch x86_64 -mios-simulator-version-min=7.0 -arch x86_64 -mios-simulator-version-min=7.0 -fno-common -DPIC -DPIC conftest.c >&5
warning: unknown warning option '-Werror=unused-command-line-argument-hard-error-in-future'; did you mean '-Werror=unused-command-line-argument'? [-Wunknown-warning-option]
1 warning generated.
configure:9202: $? = 0
configure:9215: result: yes
configure:9244: checking if xcrun -sdk iphonesimulator clang -Wno-error=unused-command-line-argument-hard-error-in-future static flag -static works
configure:9272: result: no
configure:9287: checking if xcrun -sdk iphonesimulator clang -Wno-error=unused-command-line-argument-hard-error-in-future supports -c -o file.o
configure:9308: xcrun -sdk iphonesimulator clang -Wno-error=unused-command-line-argument-hard-error-in-future -c -arch x86_64 -mios-simulator-version-min=7.0 -arch x86_64 -mios-simulator-version-min=7.0 -o out/conftest2.o conftest.c >&5
warning: unknown warning option '-Werror=unused-command-line-argument-hard-error-in-future'; did you mean '-Werror=unused-command-line-argument'? [-Wunknown-warning-option]
1 warning generated.
configure:9312: $? = 0
configure:9334: result: yes
configure:9342: checking if xcrun -sdk iphonesimulator clang -Wno-error=unused-command-line-argument-hard-error-in-future supports -c -o file.o
configure:9389: result: yes
configure:9422: checking whether the xcrun -sdk iphonesimulator clang -Wno-error=unused-command-line-argument-hard-error-in-future linker (/Applications/Xcode.app/Contents/Developer/Toolchains/XcodeDefault.xctoolchain/usr/bin/ld) supports shared libraries
configure:10681: result: yes
configure:10921: checking dynamic linker characteristics
configure:11739: result: darwin dyld
configure:11861: checking how to hardcode library paths into programs
configure:11886: result: immediate
configure:12434: checking whether stripping libraries is possible
configure:12448: result: yes
configure:12474: checking if libtool supports shared libraries
configure:12476: result: yes
configure:12479: checking whether to build shared libraries
configure:12504: result: no
configure:12507: checking whether to build static libraries
configure:12511: result: yes
configure:12534: checking how to run the C++ preprocessor
configure:12561: xcrun -sdk iphonesimulator clang -Wno-error=unused-command-line-argument-hard-error-in-future -E -arch x86_64 -mios-simulator-version-min=7.0 conftest.cpp
warning: unknown warning option '-Werror=unused-command-line-argument-hard-error-in-future'; did you mean '-Werror=unused-command-line-argument'? [-Wunknown-warning-option]
1 warning generated.
configure:12561: $? = 0
configure:12575: xcrun -sdk iphonesimulator clang -Wno-error=unused-command-line-argument-hard-error-in-future -E -arch x86_64 -mios-simulator-version-min=7.0 conftest.cpp
warning: unknown warning option '-Werror=unused-command-line-argument-hard-error-in-future'; did you mean '-Werror=unused-command-line-argument'? [-Wunknown-warning-option]
conftest.cpp:23:10: fatal error: 'ac_nonexistent.h' file not found
#include <ac_nonexistent.h>
         ^~~~~~~~~~~~~~~~~~
1 warning and 1 error generated.
configure:12575: $? = 1
configure: failed program was:
| /* confdefs.h */
| #define PACKAGE_NAME "fdk-aac"
| #define PACKAGE_TARNAME "fdk-aac"
| #define PACKAGE_VERSION "0.1.5"
| #define PACKAGE_STRING "fdk-aac 0.1.5"
| #define PACKAGE_BUGREPORT "http://sourceforge.net/projects/opencore-amr/"
| #define PACKAGE_URL ""
| #define PACKAGE "fdk-aac"
| #define VERSION "0.1.5"
| #define STDC_HEADERS 1
| #define HAVE_SYS_TYPES_H 1
| #define HAVE_SYS_STAT_H 1
| #define HAVE_STDLIB_H 1
| #define HAVE_STRING_H 1
| #define HAVE_MEMORY_H 1
| #define HAVE_STRINGS_H 1
| #define HAVE_INTTYPES_H 1
| #define HAVE_STDINT_H 1
| #define HAVE_UNISTD_H 1
| #define HAVE_DLFCN_H 1
| #define LT_OBJDIR ".libs/"
| /* end confdefs.h.  */
| #include <ac_nonexistent.h>
configure:12600: result: xcrun -sdk iphonesimulator clang -Wno-error=unused-command-line-argument-hard-error-in-future -E
configure:12620: xcrun -sdk iphonesimulator clang -Wno-error=unused-command-line-argument-hard-error-in-future -E -arch x86_64 -mios-simulator-version-min=7.0 conftest.cpp
warning: unknown warning option '-Werror=unused-command-line-argument-hard-error-in-future'; did you mean '-Werror=unused-command-line-argument'? [-Wunknown-warning-option]
1 warning generated.
configure:12620: $? = 0
configure:12634: xcrun -sdk iphonesimulator clang -Wno-error=unused-command-line-argument-hard-error-in-future -E -arch x86_64 -mios-simulator-version-min=7.0 conftest.cpp
warning: unknown warning option '-Werror=unused-command-line-argument-hard-error-in-future'; did you mean '-Werror=unused-command-line-argument'? [-Wunknown-warning-option]
conftest.cpp:23:10: fatal error: 'ac_nonexistent.h' file not found
#include <ac_nonexistent.h>
         ^~~~~~~~~~~~~~~~~~
1 warning and 1 error generated.
configure:12634: $? = 1
configure: failed program was:
| /* confdefs.h */
| #define PACKAGE_NAME "fdk-aac"
| #define PACKAGE_TARNAME "fdk-aac"
| #define PACKAGE_VERSION "0.1.5"
| #define PACKAGE_STRING "fdk-aac 0.1.5"
| #define PACKAGE_BUGREPORT "http://sourceforge.net/projects/opencore-amr/"
| #define PACKAGE_URL ""
| #define PACKAGE "fdk-aac"
| #define VERSION "0.1.5"
| #define STDC_HEADERS 1
| #define HAVE_SYS_TYPES_H 1
| #define HAVE_SYS_STAT_H 1
| #define HAVE_STDLIB_H 1
| #define HAVE_STRING_H 1
| #define HAVE_MEMORY_H 1
| #define HAVE_STRINGS_H 1
| #define HAVE_INTTYPES_H 1
| #define HAVE_STDINT_H 1
| #define HAVE_UNISTD_H 1
| #define HAVE_DLFCN_H 1
| #define LT_OBJDIR ".libs/"
| /* end confdefs.h.  */
| #include <ac_nonexistent.h>
configure:12796: checking for ld used by xcrun -sdk iphonesimulator clang -Wno-error=unused-command-line-argument-hard-error-in-future
configure:12863: result: /Applications/Xcode.app/Contents/Developer/Toolchains/XcodeDefault.xctoolchain/usr/bin/ld
configure:12870: checking if the linker (/Applications/Xcode.app/Contents/Developer/Toolchains/XcodeDefault.xctoolchain/usr/bin/ld) is GNU ld
configure:12885: result: no
configure:12940: checking whether the xcrun -sdk iphonesimulator clang -Wno-error=unused-command-line-argument-hard-error-in-future linker (/Applications/Xcode.app/Contents/Developer/Toolchains/XcodeDefault.xctoolchain/usr/bin/ld) supports shared libraries
configure:14013: result: yes
configure:14049: xcrun -sdk iphonesimulator clang -Wno-error=unused-command-line-argument-hard-error-in-future -c -g -O2 -arch x86_64 -mios-simulator-version-min=7.0 conftest.cpp >&5
warning: unknown warning option '-Werror=unused-command-line-argument-hard-error-in-future'; did you mean '-Werror=unused-command-line-argument'? [-Wunknown-warning-option]
1 warning generated.
configure:14052: $? = 0
configure:14533: checking for xcrun -sdk iphonesimulator clang -Wno-error=unused-command-line-argument-hard-error-in-future option to produce PIC
configure:14540: result: -fno-common -DPIC
configure:14548: checking if xcrun -sdk iphonesimulator clang -Wno-error=unused-command-line-argument-hard-error-in-future PIC flag -fno-common -DPIC works
configure:14566: xcrun -sdk iphonesimulator clang -Wno-error=unused-command-line-argument-hard-error-in-future -c -g -O2 -arch x86_64 -mios-simulator-version-min=7.0 -fno-common -DPIC -DPIC conftest.cpp >&5
warning: unknown warning option '-Werror=unused-command-line-argument-hard-error-in-future'; did you mean '-Werror=unused-command-line-argument'? [-Wunknown-warning-option]
1 warning generated.
configure:14570: $? = 0
configure:14583: result: yes
configure:14606: checking if xcrun -sdk iphonesimulator clang -Wno-error=unused-command-line-argument-hard-error-in-future static flag -static works
configure:14634: result: no
configure:14646: checking if xcrun -sdk iphonesimulator clang -Wno-error=unused-command-line-argument-hard-error-in-future supports -c -o file.o
configure:14667: xcrun -sdk iphonesimulator clang -Wno-error=unused-command-line-argument-hard-error-in-future -c -g -O2 -arch x86_64 -mios-simulator-version-min=7.0 -o out/conftest2.o conftest.cpp >&5
warning: unknown warning option '-Werror=unused-command-line-argument-hard-error-in-future'; did you mean '-Werror=unused-command-line-argument'? [-Wunknown-warning-option]
1 warning generated.
configure:14671: $? = 0
configure:14693: result: yes
configure:14698: checking if xcrun -sdk iphonesimulator clang -Wno-error=unused-command-line-argument-hard-error-in-future supports -c -o file.o
configure:14745: result: yes
configure:14775: checking whether the xcrun -sdk iphonesimulator clang -Wno-error=unused-command-line-argument-hard-error-in-future linker (/Applications/Xcode.app/Contents/Developer/Toolchains/XcodeDefault.xctoolchain/usr/bin/ld) supports shared libraries
configure:14815: result: yes
configure:14956: checking dynamic linker characteristics
configure:15701: result: darwin dyld
configure:15766: checking how to hardcode library paths into programs
configure:15791: result: immediate
configure:15853: checking for library containing sin
configure:15884: xcrun -sdk iphonesimulator clang -Wno-error=unused-command-line-argument-hard-error-in-future -o conftest -arch x86_64 -mios-simulator-version-min=7.0 -arch x86_64 -mios-simulator-version-min=7.0 -arch x86_64 -mios-simulator-version-min=7.0 conftest.c  >&5
warning: unknown warning option '-Werror=unused-command-line-argument-hard-error-in-future'; did you mean '-Werror=unused-command-line-argument'? [-Wunknown-warning-option]
conftest.c:30:6: warning: incompatible redeclaration of library function 'sin' [-Wincompatible-library-redeclaration]
char sin ();
     ^
conftest.c:30:6: note: 'sin' is a builtin with type 'double (double)'
2 warnings generated.
configure:15884: $? = 0
configure:15901: result: none required
configure:16068: checking that generated files are newer than configure
configure:16074: result: done
configure:16105: creating ./config.status

## ---------------------- ##
## Running config.status. ##
## ---------------------- ##

This file was extended by fdk-aac config.status 0.1.5, which was
generated by GNU Autoconf 2.69.  Invocation command line was

  CONFIG_FILES    = 
  CONFIG_HEADERS  = 
  CONFIG_LINKS    = 
  CONFIG_COMMANDS = 
  $ ./config.status 

on localhost

config.status:1074: creating Makefile
config.status:1074: creating fdk-aac.pc
config.status:1231: executing depfiles commands
config.status:1231: executing libtool commands

## ---------------- ##
## Cache variables. ##
## ---------------- ##

ac_cv_build=x86_64-apple-darwin17.7.0
ac_cv_c_compiler_gnu=yes
ac_cv_cxx_compiler_gnu=yes
ac_cv_env_CCC_set=
ac_cv_env_CCC_value=
ac_cv_env_CC_set=set
ac_cv_env_CC_value='xcrun -sdk iphonesimulator clang -Wno-error=unused-command-line-argument-hard-error-in-future'
ac_cv_env_CFLAGS_set=set
ac_cv_env_CFLAGS_value='-arch x86_64 -mios-simulator-version-min=7.0'
ac_cv_env_CPPFLAGS_set=set
ac_cv_env_CPPFLAGS_value='-arch x86_64 -mios-simulator-version-min=7.0'
ac_cv_env_CPP_set=set
ac_cv_env_CPP_value='xcrun -sdk iphonesimulator clang -Wno-error=unused-command-line-argument-hard-error-in-future -E'
ac_cv_env_CXXCPP_set=
ac_cv_env_CXXCPP_value=
ac_cv_env_CXXFLAGS_set=
ac_cv_env_CXXFLAGS_value=
ac_cv_env_CXX_set=set
ac_cv_env_CXX_value='xcrun -sdk iphonesimulator clang -Wno-error=unused-command-line-argument-hard-error-in-future'
ac_cv_env_LDFLAGS_set=set
ac_cv_env_LDFLAGS_value='-arch x86_64 -mios-simulator-version-min=7.0'
ac_cv_env_LIBS_set=
ac_cv_env_LIBS_value=
ac_cv_env_LT_SYS_LIBRARY_PATH_set=
ac_cv_env_LT_SYS_LIBRARY_PATH_value=
ac_cv_env_build_alias_set=
ac_cv_env_build_alias_value=
ac_cv_env_host_alias_set=set
ac_cv_env_host_alias_value=x86_64-apple-darwin
ac_cv_env_target_alias_set=
ac_cv_env_target_alias_value=
ac_cv_header_dlfcn_h=yes
ac_cv_header_inttypes_h=yes
ac_cv_header_memory_h=yes
ac_cv_header_stdc=yes
ac_cv_header_stdint_h=yes
ac_cv_header_stdlib_h=yes
ac_cv_header_string_h=yes
ac_cv_header_strings_h=yes
ac_cv_header_sys_stat_h=yes
ac_cv_header_sys_types_h=yes
ac_cv_header_unistd_h=yes
ac_cv_host=x86_64-apple-darwin
ac_cv_objext=o
ac_cv_path_EGREP='/usr/bin/grep -E'
ac_cv_path_FGREP='/usr/bin/grep -F'
ac_cv_path_GREP=/usr/bin/grep
ac_cv_path_SED=/usr/bin/sed
ac_cv_path_install='/usr/bin/install -c'
ac_cv_path_lt_DD=/bin/dd
ac_cv_prog_AWK=awk
ac_cv_prog_CC='xcrun -sdk iphonesimulator clang -Wno-error=unused-command-line-argument-hard-error-in-future'
ac_cv_prog_CPP='xcrun -sdk iphonesimulator clang -Wno-error=unused-command-line-argument-hard-error-in-future -E'
ac_cv_prog_CXXCPP='xcrun -sdk iphonesimulator clang -Wno-error=unused-command-line-argument-hard-error-in-future -E'
ac_cv_prog_STRIP=strip
ac_cv_prog_ac_ct_AR=ar
ac_cv_prog_ac_ct_DSYMUTIL=dsymutil
ac_cv_prog_ac_ct_DUMPBIN='link -dump'
ac_cv_prog_ac_ct_LIPO=lipo
ac_cv_prog_ac_ct_NMEDIT=nmedit
ac_cv_prog_ac_ct_OBJDUMP=objdump
ac_cv_prog_ac_ct_OTOOL=otool
ac_cv_prog_ac_ct_RANLIB=ranlib
ac_cv_prog_ac_ct_STRIP=strip
ac_cv_prog_cc_c89=
ac_cv_prog_cc_g=yes
ac_cv_prog_cxx_g=yes
ac_cv_prog_make_make_set=yes
ac_cv_search_sin='none required'
am_cv_CC_dependencies_compiler_type=gcc3
am_cv_CXX_dependencies_compiler_type=gcc3
am_cv_make_support_nested_variables=yes
am_cv_prog_cc_c_o=yes
am_cv_prog_tar_ustar=gnutar
lt_cv_apple_cc_single_mod=yes
lt_cv_ar_at_file=no
lt_cv_deplibs_check_method=pass_all
lt_cv_file_magic_cmd='$MAGIC_CMD'
lt_cv_file_magic_test_file=
lt_cv_ld_exported_symbols_list=yes
lt_cv_ld_force_load=yes
lt_cv_ld_reload_flag=-r
lt_cv_nm_interface='BSD nm'
lt_cv_objdir=.libs
lt_cv_path_LD=/Applications/Xcode.app/Contents/Developer/Toolchains/XcodeDefault.xctoolchain/usr/bin/ld
lt_cv_path_LDCXX=/Applications/Xcode.app/Contents/Developer/Toolchains/XcodeDefault.xctoolchain/usr/bin/ld
lt_cv_path_NM=no
lt_cv_path_mainfest_tool=no
lt_cv_prog_compiler_c_o=yes
lt_cv_prog_compiler_c_o_CXX=yes
lt_cv_prog_compiler_pic='-fno-common -DPIC'
lt_cv_prog_compiler_pic_CXX='-fno-common -DPIC'
lt_cv_prog_compiler_pic_works=yes
lt_cv_prog_compiler_pic_works_CXX=yes
lt_cv_prog_compiler_rtti_exceptions=yes
lt_cv_prog_compiler_static_works=no
lt_cv_prog_compiler_static_works_CXX=no
lt_cv_prog_gnu_ld=no
lt_cv_prog_gnu_ldcxx=no
lt_cv_sharedlib_from_linklib_cmd='printf %s\n'
lt_cv_sys_global_symbol_pipe='sed -n -e '\''s/^.*[	 ]\([BCDEGRST][BCDEGRST]*\)[	 ][	 ]*_\([_A-Za-z][_A-Za-z0-9]*\)$/\1 _\2 \2/p'\'' | sed '\''/ __gnu_lto/d'\'''
lt_cv_sys_global_symbol_to_c_name_address='sed -n -e '\''s/^: \(.*\) .*$/  {"\1", (void *) 0},/p'\'' -e '\''s/^[BCDEGRST][BCDEGRST]* .* \(.*\)$/  {"\1", (void *) \&\1},/p'\'''
lt_cv_sys_global_symbol_to_c_name_address_lib_prefix='sed -n -e '\''s/^: \(.*\) .*$/  {"\1", (void *) 0},/p'\'' -e '\''s/^[BCDEGRST][BCDEGRST]* .* \(lib.*\)$/  {"\1", (void *) \&\1},/p'\'' -e '\''s/^[BCDEGRST][BCDEGRST]* .* \(.*\)$/  {"lib\1", (void *) \&\1},/p'\'''
lt_cv_sys_global_symbol_to_cdecl='sed -n -e '\''s/^T .* \(.*\)$/extern int \1();/p'\'' -e '\''s/^[BCDEGRST][BCDEGRST]* .* \(.*\)$/extern char \1;/p'\'''
lt_cv_sys_global_symbol_to_import=
lt_cv_sys_max_cmd_len=196608
lt_cv_to_host_file_cmd=func_convert_file_noop
lt_cv_to_tool_file_cmd=func_convert_file_noop
lt_cv_truncate_bin='/bin/dd bs=4096 count=1'

## ----------------- ##
## Output variables. ##
## ----------------- ##

ACLOCAL='${SHELL} /Users/huaweichang/Downloads/FFmpeg-ios-master/FFmpeg-iOS-build-script-master/fdk-aac-build-script-for-iOS/fdk-aac-0.1.5/missing aclocal-1.14'
AMDEPBACKSLASH='\'
AMDEP_FALSE='#'
AMDEP_TRUE=''
AMTAR='$${TAR-tar}'
AM_BACKSLASH='\'
AM_DEFAULT_V='$(AM_DEFAULT_VERBOSITY)'
AM_DEFAULT_VERBOSITY='0'
AM_V='$(V)'
AR='ar'
AUTOCONF='${SHELL} /Users/huaweichang/Downloads/FFmpeg-ios-master/FFmpeg-iOS-build-script-master/fdk-aac-build-script-for-iOS/fdk-aac-0.1.5/missing autoconf'
AUTOHEADER='${SHELL} /Users/huaweichang/Downloads/FFmpeg-ios-master/FFmpeg-iOS-build-script-master/fdk-aac-build-script-for-iOS/fdk-aac-0.1.5/missing autoheader'
AUTOMAKE='${SHELL} /Users/huaweichang/Downloads/FFmpeg-ios-master/FFmpeg-iOS-build-script-master/fdk-aac-build-script-for-iOS/fdk-aac-0.1.5/missing automake-1.14'
AWK='awk'
CC='xcrun -sdk iphonesimulator clang -Wno-error=unused-command-line-argument-hard-error-in-future'
CCDEPMODE='depmode=gcc3'
CFLAGS='-arch x86_64 -mios-simulator-version-min=7.0'
CPP='xcrun -sdk iphonesimulator clang -Wno-error=unused-command-line-argument-hard-error-in-future -E'
CPPFLAGS='-arch x86_64 -mios-simulator-version-min=7.0'
CXX='xcrun -sdk iphonesimulator clang -Wno-error=unused-command-line-argument-hard-error-in-future'
CXXCPP='xcrun -sdk iphonesimulator clang -Wno-error=unused-command-line-argument-hard-error-in-future -E'
CXXDEPMODE='depmode=gcc3'
CXXFLAGS='-g -O2'
CYGPATH_W='echo'
DEFS='-DPACKAGE_NAME=\"fdk-aac\" -DPACKAGE_TARNAME=\"fdk-aac\" -DPACKAGE_VERSION=\"0.1.5\" -DPACKAGE_STRING=\"fdk-aac\ 0.1.5\" -DPACKAGE_BUGREPORT=\"http://sourceforge.net/projects/opencore-amr/\" -DPACKAGE_URL=\"\" -DPACKAGE=\"fdk-aac\" -DVERSION=\"0.1.5\" -DSTDC_HEADERS=1 -DHAVE_SYS_TYPES_H=1 -DHAVE_SYS_STAT_H=1 -DHAVE_STDLIB_H=1 -DHAVE_STRING_H=1 -DHAVE_MEMORY_H=1 -DHAVE_STRINGS_H=1 -DHAVE_INTTYPES_H=1 -DHAVE_STDINT_H=1 -DHAVE_UNISTD_H=1 -DHAVE_DLFCN_H=1 -DLT_OBJDIR=\".libs/\"'
DEPDIR='.deps'
DLLTOOL='false'
DSYMUTIL='dsymutil'
DUMPBIN=':'
ECHO_C='\c'
ECHO_N=''
ECHO_T=''
EGREP='/usr/bin/grep -E'
EXAMPLE_FALSE=''
EXAMPLE_TRUE='#'
EXEEXT=''
FDK_AAC_VERSION='1:0:0'
FGREP='/usr/bin/grep -F'
GREP='/usr/bin/grep'
INSTALL_DATA='${INSTALL} -m 644'
INSTALL_PROGRAM='${INSTALL}'
INSTALL_SCRIPT='${INSTALL}'
INSTALL_STRIP_PROGRAM='$(install_sh) -c -s'
LD='/Applications/Xcode.app/Contents/Developer/Toolchains/XcodeDefault.xctoolchain/usr/bin/ld'
LDFLAGS='-arch x86_64 -mios-simulator-version-min=7.0'
LIBOBJS=''
LIBS=''
LIBS_PRIVATE=''
LIBS_PUBLIC=''
LIBTOOL='$(SHELL) $(top_builddir)/libtool'
LIPO='lipo'
LN_S='ln -s'
LTLIBOBJS=''
LT_SYS_LIBRARY_PATH=''
MAKEINFO='${SHELL} /Users/huaweichang/Downloads/FFmpeg-ios-master/FFmpeg-iOS-build-script-master/fdk-aac-build-script-for-iOS/fdk-aac-0.1.5/missing makeinfo'
MANIFEST_TOOL=':'
MKDIR_P='/Users/huaweichang/Downloads/FFmpeg-ios-master/FFmpeg-iOS-build-script-master/fdk-aac-build-script-for-iOS/fdk-aac-0.1.5/./install-sh -c -d'
NM='nm'
NMEDIT='nmedit'
OBJDUMP='objdump'
OBJEXT='o'
OTOOL64=':'
OTOOL='otool'
PACKAGE='fdk-aac'
PACKAGE_BUGREPORT='http://sourceforge.net/projects/opencore-amr/'
PACKAGE_NAME='fdk-aac'
PACKAGE_STRING='fdk-aac 0.1.5'
PACKAGE_TARNAME='fdk-aac'
PACKAGE_URL=''
PACKAGE_VERSION='0.1.5'
PATH_SEPARATOR=':'
RANLIB='ranlib'
SED='/usr/bin/sed'
SET_MAKE=''
SHELL='/bin/sh'
STRIP='strip'
VERSION='0.1.5'
ac_ct_AR='ar'
ac_ct_CC=''
ac_ct_CXX=''
ac_ct_DUMPBIN='link -dump'
am__EXEEXT_FALSE=''
am__EXEEXT_TRUE='#'
am__fastdepCC_FALSE='#'
am__fastdepCC_TRUE=''
am__fastdepCXX_FALSE='#'
am__fastdepCXX_TRUE=''
am__include='include'
am__isrc=' -I$(srcdir)'
am__leading_dot='.'
am__nodep='_no'
am__quote=''
am__tar='tar --format=ustar -chf - "$$tardir"'
am__untar='tar -xf -'
bindir='${exec_prefix}/bin'
build='x86_64-apple-darwin17.7.0'
build_alias=''
build_cpu='x86_64'
build_os='darwin17.7.0'
build_vendor='apple'
datadir='${datarootdir}'
datarootdir='${prefix}/share'
docdir='${datarootdir}/doc/${PACKAGE_TARNAME}'
dvidir='${docdir}'
exec_prefix='${prefix}'
host='x86_64-apple-darwin'
host_alias='x86_64-apple-darwin'
host_cpu='x86_64'
host_os='darwin'
host_vendor='apple'
htmldir='${docdir}'
includedir='${prefix}/include'
infodir='${datarootdir}/info'
install_sh='${SHELL} /Users/huaweichang/Downloads/FFmpeg-ios-master/FFmpeg-iOS-build-script-master/fdk-aac-build-script-for-iOS/fdk-aac-0.1.5/install-sh'
libdir='${exec_prefix}/lib'
libexecdir='${exec_prefix}/libexec'
localedir='${datarootdir}/locale'
localstatedir='${prefix}/var'
mandir='${datarootdir}/man'
mkdir_p='$(MKDIR_P)'
oldincludedir='/usr/include'
pdfdir='${docdir}'
prefix='/Users/huaweichang/Downloads/FFmpeg-ios-master/FFmpeg-iOS-build-script-master/fdk-aac-build-script-for-iOS/thin/x86_64'
program_transform_name='s,x,x,'
psdir='${docdir}'
sbindir='${exec_prefix}/sbin'
sharedstatedir='${prefix}/com'
sysconfdir='${prefix}/etc'
target_alias=''

## ----------- ##
## confdefs.h. ##
## ----------- ##

/* confdefs.h */
#define PACKAGE_NAME "fdk-aac"
#define PACKAGE_TARNAME "fdk-aac"
#define PACKAGE_VERSION "0.1.5"
#define PACKAGE_STRING "fdk-aac 0.1.5"
#define PACKAGE_BUGREPORT "http://sourceforge.net/projects/opencore-amr/"
#define PACKAGE_URL ""
#define PACKAGE "fdk-aac"
#define VERSION "0.1.5"
#define STDC_HEADERS 1
#define HAVE_SYS_TYPES_H 1
#define HAVE_SYS_STAT_H 1
#define HAVE_STDLIB_H 1
#define HAVE_STRING_H 1
#define HAVE_MEMORY_H 1
#define HAVE_STRINGS_H 1
#define HAVE_INTTYPES_H 1
#define HAVE_STDINT_H 1
#define HAVE_UNISTD_H 1
#define HAVE_DLFCN_H 1
#define LT_OBJDIR ".libs/"

configure: exit 0
